<?xml version="1.0" encoding="UTF-8"?>
<testsuites>
    <testsuite name=";" tests="4" failures="0" skipped="0">
        <properties>
            <property name="URI" value="F:/Benny/Skola/Projekt/features/krav1-7-8.feature">
            </property>
        </properties>
        <testcase name="Given that I visit the bank site" classname=";" time="4.1417839">
        </testcase>
        <testcase name="When I Press on login and enter my login information" classname=";" time="0.297350299">
        </testcase>
        <testcase name="And Go to my accounts" classname=";" time="0.114726">
        </testcase>
        <testcase name="Then I Should be able to add a bank account, rename it and delete it again and logout." classname=";" time="16.3964797">
        </testcase>
    </testsuite>
</testsuites>