<?xml version="1.0" encoding="UTF-8"?>
<testsuites>
    <testsuite name="skicka-pengar;skicka-pengar-till-någon-annans-konto" tests="22" failures="1" skipped="0">
        <properties>
            <property name="URI" value="F:/Benny/Skola/Projekt/features/Skicka_pengar.feature">
            </property>
        </properties>
        <testcase name="Given that I visit the bank site" classname="skicka-pengar;skicka-pengar-till-någon-annans-konto" time="3.958060699">
        </testcase>
        <testcase name="And I press on login" classname="skicka-pengar;skicka-pengar-till-någon-annans-konto" time="0.0987821">
        </testcase>
        <testcase name="When I enter my information" classname="skicka-pengar;skicka-pengar-till-någon-annans-konto" time="0.1620026">
        </testcase>
        <testcase name="Given Press the login button" classname="skicka-pengar;skicka-pengar-till-någon-annans-konto" time="0.0587433">
        </testcase>
        <testcase name="Then I should log into my account" classname="skicka-pengar;skicka-pengar-till-någon-annans-konto" time="0.000125301">
        </testcase>
        <testcase name="Given that I press Överföringar andra konton" classname="skicka-pengar;skicka-pengar-till-någon-annans-konto" time="0.1126916">
        </testcase>
        <testcase name="And that I chose Annat konto" classname="skicka-pengar;skicka-pengar-till-någon-annans-konto" time="2.062447">
        </testcase>
        <testcase name="And that I enter account number" classname="skicka-pengar;skicka-pengar-till-någon-annans-konto" time="0.095147801">
        </testcase>
        <testcase name="And that I enter amount of money that are less than my max transfer amount" classname="skicka-pengar;skicka-pengar-till-någon-annans-konto" time="0.0747823">
        </testcase>
        <testcase name="And that I enter Test as a message" classname="skicka-pengar;skicka-pengar-till-någon-annans-konto" time="0.060077599">
        </testcase>
        <testcase name="And I press Utför" classname="skicka-pengar;skicka-pengar-till-någon-annans-konto" time="0.059957">
        </testcase>
        <testcase name="And I accept the pop-up" classname="skicka-pengar;skicka-pengar-till-någon-annans-konto" time="0.005623499">
        </testcase>
        <testcase name="Then the money should be sent" classname="skicka-pengar;skicka-pengar-till-någon-annans-konto" time="0.0001163">
        </testcase>
        <testcase name="Given that I press Start" classname="skicka-pengar;skicka-pengar-till-någon-annans-konto" time="0.086089399">
        </testcase>
        <testcase name="Then I should be able to see my transaktion" classname="skicka-pengar;skicka-pengar-till-någon-annans-konto" time="4.031731501">
        </testcase>
        <testcase name="Given that I press Logga ut" classname="skicka-pengar;skicka-pengar-till-någon-annans-konto" time="0.0629833">
        </testcase>
        <testcase name="And that I press Logga in" classname="skicka-pengar;skicka-pengar-till-någon-annans-konto" time="0.064242799">
        </testcase>
        <testcase name="When I enter the recipents information" classname="skicka-pengar;skicka-pengar-till-någon-annans-konto" time="0.1074069">
        </testcase>
        <testcase name="Given Press the login button" classname="skicka-pengar;skicka-pengar-till-någon-annans-konto" time="0.0507964">
        </testcase>
        <testcase name="Then I should log into the recipents account" classname="skicka-pengar;skicka-pengar-till-någon-annans-konto" time="0.0001201">
        </testcase>
        <testcase name="Given that I press the Start button" classname="skicka-pengar;skicka-pengar-till-någon-annans-konto" time="0.061767401">
        </testcase>
        <testcase name="Then I should be able to see the recipents transaktion" classname="skicka-pengar;skicka-pengar-till-någon-annans-konto" time="2.011283901">
            <failure message="NoSuchElementError: no such element: Unable to locate element: {&quot;method&quot;:&quot;xpath&quot;,&quot;selector&quot;:&quot;/html/body/main/div/article/section[1]/table/tbody/tr[1]/th[2]&quot;}">NoSuchElementError: no such element: Unable to locate element: {&quot;method&quot;:&quot;xpath&quot;,&quot;selector&quot;:&quot;/html/body/main/div/article/section[1]/table/tbody/tr[1]/th[2]&quot;}
  (Session info: chrome=74.0.3729.108)
  (Driver info: chromedriver=2.46.628402 (536cd7adbad73a3783fdc2cab92ab2ba7ec361e1),platform=Windows NT 10.0.17763 x86_64)
    at Object.checkLegacyResponse (F:\Benny\Skola\Projekt\node_modules\selenium-webdriver\lib\error.js:529:15)
    at parseHttpResponse (F:\Benny\Skola\Projekt\node_modules\selenium-webdriver\lib\http.js:509:13)
    at doSend.then.response (F:\Benny\Skola\Projekt\node_modules\selenium-webdriver\lib\http.js:441:30)
    at process._tickCallback (internal/process/next_tick.js:68:7)
From: Task: WebDriver.findElement(By(xpath, /html/body/main/div/article/section[1]/table/tbody/tr[1]/th[2]))
    at thenableWebDriverProxy.schedule (F:\Benny\Skola\Projekt\node_modules\selenium-webdriver\lib\webdriver.js:807:17)
    at thenableWebDriverProxy.findElement (F:\Benny\Skola\Projekt\node_modules\selenium-webdriver\lib\webdriver.js:1014:17)
    at createWorld.&lt;anonymous&gt; (F:\Benny\Skola\Projekt\step-definitions\Skicka_pengar.js:90:35)
From: Task: WebElement.getText()
    at thenableWebDriverProxy.schedule (F:\Benny\Skola\Projekt\node_modules\selenium-webdriver\lib\webdriver.js:807:17)
    at WebElementPromise.schedule_ (F:\Benny\Skola\Projekt\node_modules\selenium-webdriver\lib\webdriver.js:2015:25)
    at WebElementPromise.getText (F:\Benny\Skola\Projekt\node_modules\selenium-webdriver\lib\webdriver.js:2281:17)
    at createWorld.&lt;anonymous&gt; (F:\Benny\Skola\Projekt\step-definitions\Skicka_pengar.js:90:123)</failure>
        </testcase>
    </testsuite>
</testsuites>